# JRE version: OpenJDK Runtime Environment Temurin-17.0.10+7 (17.0.10+7) (build 17.0.10+7)
# Java VM: OpenJDK 64-Bit Server VM Temurin-17.0.10+7 (17.0.10+7, mixed mode, emulated-client, tiered, compressed oops, compressed class ptrs, g1 gc, windows-amd64)
GC Precious Log:
 CPUs: 12 total, 12 available
 Memory: 15737M
 Large Page Support: Disabled
 NUMA Support: Disabled
 Compressed Oops: Enabled (32-bit)
 Heap Region Size: 1M
 Heap Min Capacity: 8M
 Heap Initial Capacity: 246M
 Heap Max Capacity: 1G
 Pre-touch: Disabled
 Parallel Workers: 10
 Concurrent Workers: 3
 Concurrent Refinement Workers: 10
 Periodic GC: Disabled
Heap:
 garbage-first heap   total 78848K, used 26240K [0x00000000c0000000, 0x0000000100000000)
  region size 1024K, 1 young (1024K), 0 survivors (0K)
 Metaspace       used 47900K, committed 48640K, reserved 1114112K
  class space    used 6176K, committed 6464K, reserved 1048576K
GC Heap History (20 events):
Event: 3758.865 GC heap before
{Heap before GC invocations=346 (full 336):
 garbage-first heap   total 78848K, used 26240K [0x00000000c0000000, 0x0000000100000000)
  region size 1024K, 1 young (1024K), 0 survivors (0K)
 Metaspace       used 47900K, committed 48640K, reserved 1114112K
  class space    used 6176K, committed 6464K, reserved 1048576K
}
Event: 3758.907 GC heap after
{Heap after GC invocations=347 (full 337):
 garbage-first heap   total 78848K, used 26240K [0x00000000c0000000, 0x0000000100000000)
  region size 1024K, 0 young (0K), 0 survivors (0K)
 Metaspace       used 47900K, committed 48640K, reserved 1114112K
  class space    used 6176K, committed 6464K, reserved 1048576K
}
Event: 3769.097 GC heap before
{Heap before GC invocations=347 (full 337):
 garbage-first heap   total 78848K, used 26240K [0x00000000c0000000, 0x0000000100000000)
  region size 1024K, 1 young (1024K), 0 survivors (0K)
 Metaspace       used 47900K, committed 48640K, reserved 1114112K
  class space    used 6176K, committed 6464K, reserved 1048576K
}
Event: 3769.124 GC heap after
{Heap after GC invocations=348 (full 338):
 garbage-first heap   total 78848K, used 26240K [0x00000000c0000000, 0x0000000100000000)
  region size 1024K, 0 young (0K), 0 survivors (0K)
 Metaspace       used 47900K, committed 48640K, reserved 1114112K
  class space    used 6176K, committed 6464K, reserved 1048576K
}
Event: 3779.290 GC heap before
{Heap before GC invocations=348 (full 338):
 garbage-first heap   total 78848K, used 26240K [0x00000000c0000000, 0x0000000100000000)
  region size 1024K, 1 young (1024K), 0 survivors (0K)
 Metaspace       used 47900K, committed 48640K, reserved 1114112K
  class space    used 6176K, committed 6464K, reserved 1048576K
}
Event: 3779.316 GC heap after
{Heap after GC invocations=349 (full 339):
 garbage-first heap   total 78848K, used 26240K [0x00000000c0000000, 0x0000000100000000)
  region size 1024K, 0 young (0K), 0 survivors (0K)
 Metaspace       used 47900K, committed 48640K, reserved 1114112K
  class space    used 6176K, committed 6464K, reserved 1048576K
}
Event: 3789.507 GC heap before
{Heap before GC invocations=349 (full 339):
 garbage-first heap   total 78848K, used 26240K [0x00000000c0000000, 0x0000000100000000)
  region size 1024K, 1 young (1024K), 0 survivors (0K)
 Metaspace       used 47900K, committed 48640K, reserved 1114112K
  class space    used 6176K, committed 6464K, reserved 1048576K
}
Event: 3789.531 GC heap after
{Heap after GC invocations=350 (full 340):
 garbage-first heap   total 78848K, used 26240K [0x00000000c0000000, 0x0000000100000000)
  region size 1024K, 0 young (0K), 0 survivors (0K)
 Metaspace       used 47900K, committed 48640K, reserved 1114112K
  class space    used 6176K, committed 6464K, reserved 1048576K
}
Event: 3799.746 GC heap before
{Heap before GC invocations=350 (full 340):
 garbage-first heap   total 78848K, used 26240K [0x00000000c0000000, 0x0000000100000000)
  region size 1024K, 1 young (1024K), 0 survivors (0K)
 Metaspace       used 47900K, committed 48640K, reserved 1114112K
  class space    used 6176K, committed 6464K, reserved 1048576K
}
Event: 3799.784 GC heap after
{Heap after GC invocations=351 (full 341):
 garbage-first heap   total 78848K, used 26240K [0x00000000c0000000, 0x0000000100000000)
  region size 1024K, 0 young (0K), 0 survivors (0K)
 Metaspace       used 47900K, committed 48640K, reserved 1114112K
  class space    used 6176K, committed 6464K, reserved 1048576K
}
Event: 3809.941 GC heap before
{Heap before GC invocations=351 (full 341):
 garbage-first heap   total 78848K, used 26240K [0x00000000c0000000, 0x0000000100000000)
  region size 1024K, 1 young (1024K), 0 survivors (0K)
 Metaspace       used 47900K, committed 48640K, reserved 1114112K
  class space    used 6176K, committed 6464K, reserved 1048576K
}
Event: 3809.977 GC heap after
{Heap after GC invocations=352 (full 342):
 garbage-first heap   total 78848K, used 26240K [0x00000000c0000000, 0x0000000100000000)
  region size 1024K, 0 young (0K), 0 survivors (0K)
 Metaspace       used 47900K, committed 48640K, reserved 1114112K
  class space    used 6176K, committed 6464K, reserved 1048576K
}
Event: 3820.172 GC heap before
{Heap before GC invocations=352 (full 342):
 garbage-first heap   total 78848K, used 26240K [0x00000000c0000000, 0x0000000100000000)
  region size 1024K, 1 young (1024K), 0 survivors (0K)
 Metaspace       used 47900K, committed 48640K, reserved 1114112K
  class space    used 6176K, committed 6464K, reserved 1048576K
}
Event: 3820.200 GC heap after
{Heap after GC invocations=353 (full 343):
 garbage-first heap   total 78848K, used 26240K [0x00000000c0000000, 0x0000000100000000)
  region size 1024K, 0 young (0K), 0 survivors (0K)
 Metaspace       used 47900K, committed 48640K, reserved 1114112K
  class space    used 6176K, committed 6464K, reserved 1048576K
}
Event: 3830.350 GC heap before
{Heap before GC invocations=353 (full 343):
 garbage-first heap   total 78848K, used 26240K [0x00000000c0000000, 0x0000000100000000)
  region size 1024K, 1 young (1024K), 0 survivors (0K)
 Metaspace       used 47900K, committed 48640K, reserved 1114112K
  class space    used 6176K, committed 6464K, reserved 1048576K
}
Event: 3830.374 GC heap after
{Heap after GC invocations=354 (full 344):
 garbage-first heap   total 78848K, used 26240K [0x00000000c0000000, 0x0000000100000000)
  region size 1024K, 0 young (0K), 0 survivors (0K)
 Metaspace       used 47900K, committed 48640K, reserved 1114112K
  class space    used 6176K, committed 6464K, reserved 1048576K
}
Event: 3840.567 GC heap before
{Heap before GC invocations=354 (full 344):
 garbage-first heap   total 78848K, used 26240K [0x00000000c0000000, 0x0000000100000000)
  region size 1024K, 1 young (1024K), 0 survivors (0K)
 Metaspace       used 47900K, committed 48640K, reserved 1114112K
  class space    used 6176K, committed 6464K, reserved 1048576K
}
Event: 3840.612 GC heap after
{Heap after GC invocations=355 (full 345):
 garbage-first heap   total 78848K, used 26240K [0x00000000c0000000, 0x0000000100000000)
  region size 1024K, 0 young (0K), 0 survivors (0K)
 Metaspace       used 47900K, committed 48640K, reserved 1114112K
  class space    used 6176K, committed 6464K, reserved 1048576K
}
Event: 3850.801 GC heap before
{Heap before GC invocations=355 (full 345):
 garbage-first heap   total 78848K, used 26240K [0x00000000c0000000, 0x0000000100000000)
  region size 1024K, 1 young (1024K), 0 survivors (0K)
 Metaspace       used 47900K, committed 48640K, reserved 1114112K
  class space    used 6176K, committed 6464K, reserved 1048576K
}
Event: 3850.827 GC heap after
{Heap after GC invocations=356 (full 346):
 garbage-first heap   total 78848K, used 26240K [0x00000000c0000000, 0x0000000100000000)
  region size 1024K, 0 young (0K), 0 survivors (0K)
 Metaspace       used 47900K, committed 48640K, reserved 1114112K
  class space    used 6176K, committed 6464K, reserved 1048576K
}

